2025-02-05 21:16:09,032 (INFO)- django.utils.autoreload- Watching for file changes with StatReloader
2025-02-05 21:16:40,823 (INFO)- teacher.views- MIT
2025-02-05 21:16:41,675 (INFO)- teacher.views- MIT
2025-02-05 21:16:41,974 (INFO)- teacher.views- MIT
2025-02-05 21:16:42,373 (INFO)- teacher.views- MIT
2025-02-05 21:16:42,864 (INFO)- teacher.views- MIT
2025-02-05 21:16:43,198 (INFO)- teacher.views- MIT
2025-02-05 21:16:43,609 (INFO)- teacher.views- MIT
2025-02-05 21:16:44,009 (INFO)- teacher.views- MIT
2025-02-05 21:16:44,462 (INFO)- teacher.views- MIT
2025-02-05 21:16:44,826 (INFO)- teacher.views- MIT
2025-02-05 21:16:45,285 (INFO)- teacher.views- MIT
2025-02-05 21:16:45,709 (INFO)- teacher.views- MIT
2025-02-05 21:16:46,040 (INFO)- teacher.views- MIT
2025-02-05 21:16:46,481 (INFO)- teacher.views- MIT
2025-02-05 21:16:46,921 (INFO)- teacher.views- MIT
2025-02-05 21:16:47,298 (INFO)- teacher.views- MIT
2025-02-05 21:16:47,676 (INFO)- teacher.views- MIT
2025-02-05 21:16:48,101 (INFO)- teacher.views- MIT
2025-02-05 21:16:48,557 (INFO)- teacher.views- MIT
2025-02-05 21:16:48,934 (INFO)- teacher.views- MIT
2025-02-05 21:16:49,313 (INFO)- teacher.views- MIT
2025-02-05 21:16:49,759 (INFO)- teacher.views- MIT
2025-02-05 21:16:50,120 (INFO)- teacher.views- MIT
2025-02-05 21:16:50,829 (INFO)- teacher.views- MIT
2025-02-05 21:16:51,620 (INFO)- teacher.views- MIT
2025-02-05 21:16:51,968 (INFO)- teacher.views- MIT
2025-02-05 21:16:52,398 (INFO)- teacher.views- MIT
2025-02-05 21:16:52,769 (INFO)- teacher.views- MIT
2025-02-05 21:16:53,205 (INFO)- teacher.views- MIT
2025-02-05 21:16:53,539 (INFO)- teacher.views- MIT
2025-02-05 21:16:53,964 (INFO)- teacher.views- MIT
2025-02-05 21:16:54,376 (INFO)- teacher.views- MIT
2025-02-05 21:16:54,771 (INFO)- teacher.views- MIT
2025-02-05 21:16:55,166 (INFO)- teacher.views- MIT
2025-02-05 21:16:55,607 (INFO)- teacher.views- MIT
2025-02-05 21:16:56,024 (INFO)- teacher.views- MIT
2025-02-05 21:16:56,382 (INFO)- teacher.views- MIT
2025-02-05 21:16:56,795 (INFO)- teacher.views- MIT
2025-02-05 21:16:57,222 (INFO)- teacher.views- MIT
2025-02-05 21:16:57,594 (INFO)- teacher.views- MIT
2025-02-05 21:16:58,090 (INFO)- teacher.views- MIT
2025-02-05 21:16:58,422 (INFO)- teacher.views- MIT
2025-02-05 21:16:58,826 (INFO)- teacher.views- MIT
2025-02-05 21:16:59,314 (INFO)- teacher.views- MIT
2025-02-05 21:16:59,605 (INFO)- teacher.views- MIT
2025-02-05 21:17:00,034 (INFO)- teacher.views- MIT
2025-02-05 21:17:00,444 (INFO)- teacher.views- MIT
2025-02-05 21:17:00,838 (INFO)- teacher.views- MIT
2025-02-05 21:17:01,232 (INFO)- teacher.views- MIT
2025-02-05 21:17:01,688 (INFO)- teacher.views- MIT
2025-02-05 21:17:02,053 (INFO)- teacher.views- MIT
2025-02-05 21:17:02,463 (INFO)- teacher.views- MIT
2025-02-05 21:17:02,852 (INFO)- teacher.views- MIT
2025-02-05 21:17:03,234 (INFO)- teacher.views- MIT
2025-02-05 21:17:03,667 (INFO)- teacher.views- MIT
2025-02-05 21:17:04,080 (INFO)- teacher.views- MIT
2025-02-05 21:17:04,481 (INFO)- teacher.views- MIT
2025-02-05 21:17:04,891 (INFO)- teacher.views- MIT
2025-02-05 21:17:05,300 (INFO)- teacher.views- MIT
2025-02-05 21:17:05,710 (INFO)- teacher.views- MIT
2025-02-05 21:17:06,118 (INFO)- teacher.views- MIT
2025-02-05 21:17:06,671 (INFO)- teacher.views- MIT
2025-02-05 21:17:06,969 (INFO)- teacher.views- MIT
2025-02-05 21:17:07,347 (INFO)- teacher.views- MIT
2025-02-05 21:17:07,747 (INFO)- teacher.views- MIT
2025-02-05 21:17:08,151 (INFO)- teacher.views- MIT
2025-02-05 21:17:08,549 (INFO)- teacher.views- MIT
2025-02-05 21:17:08,964 (INFO)- teacher.views- MIT
2025-02-05 21:17:09,370 (INFO)- teacher.views- MIT
2025-02-05 21:17:09,766 (INFO)- teacher.views- MIT
2025-02-05 21:17:10,184 (INFO)- teacher.views- MIT
2025-02-05 21:17:10,603 (INFO)- teacher.views- MIT
2025-02-05 21:17:10,960 (INFO)- teacher.views- MIT
2025-02-05 21:17:11,380 (INFO)- teacher.views- MIT
2025-02-05 21:17:11,822 (INFO)- teacher.views- MIT
2025-02-05 21:17:12,152 (INFO)- teacher.views- MIT
2025-02-05 21:17:12,581 (INFO)- teacher.views- MIT
2025-02-05 21:17:12,974 (INFO)- teacher.views- MIT
2025-02-05 21:17:13,525 (INFO)- teacher.views- MIT
2025-02-05 21:17:13,794 (INFO)- teacher.views- MIT
2025-02-05 21:17:14,212 (INFO)- teacher.views- MIT
2025-02-05 21:17:14,600 (INFO)- teacher.views- MIT
2025-02-05 21:17:15,027 (INFO)- teacher.views- MIT
2025-02-05 21:17:15,464 (INFO)- teacher.views- MIT
2025-02-05 21:17:15,873 (INFO)- teacher.views- MIT
2025-02-05 21:17:16,283 (INFO)- teacher.views- MIT
2025-02-05 21:17:16,720 (INFO)- teacher.views- MIT
2025-02-05 21:17:17,090 (INFO)- teacher.views- MIT
2025-02-05 21:17:17,515 (INFO)- teacher.views- MIT
2025-02-05 21:17:17,866 (INFO)- teacher.views- MIT
2025-02-05 21:17:18,263 (INFO)- teacher.views- MIT
2025-02-05 21:17:18,699 (INFO)- teacher.views- MIT
2025-02-05 21:17:19,087 (INFO)- teacher.views- MIT
2025-02-05 21:17:19,478 (INFO)- teacher.views- MIT
2025-02-05 21:17:19,891 (INFO)- teacher.views- MIT
2025-02-05 21:17:20,269 (INFO)- teacher.views- MIT
2025-02-05 21:17:20,697 (INFO)- teacher.views- MIT
2025-02-05 21:17:21,059 (INFO)- teacher.views- MIT
2025-02-05 21:17:21,484 (INFO)- teacher.views- MIT
2025-02-05 21:17:21,910 (INFO)- teacher.views- MIT
2025-02-05 21:17:22,298 (INFO)- teacher.views- MIT
2025-02-05 21:17:22,713 (INFO)- teacher.views- MIT
2025-02-05 21:17:23,098 (INFO)- teacher.views- MIT
2025-02-05 21:17:23,526 (INFO)- teacher.views- MIT
2025-02-05 21:17:23,904 (INFO)- teacher.views- MIT
2025-02-05 21:17:24,306 (INFO)- teacher.views- MIT
2025-02-05 21:17:24,852 (INFO)- teacher.views- MIT
2025-02-05 21:17:25,151 (INFO)- teacher.views- MIT
2025-02-05 21:17:25,529 (INFO)- teacher.views- MIT
2025-02-05 21:17:25,933 (INFO)- teacher.views- MIT
2025-02-05 21:17:26,388 (INFO)- teacher.views- MIT
2025-02-05 21:17:26,766 (INFO)- teacher.views- MIT
2025-02-05 21:17:27,147 (INFO)- teacher.views- MIT
2025-02-05 21:17:27,599 (INFO)- teacher.views- MIT
2025-02-05 21:17:28,064 (INFO)- teacher.views- MIT
2025-02-05 21:17:28,491 (INFO)- teacher.views- MIT
2025-02-05 21:17:28,863 (INFO)- teacher.views- MIT
2025-02-05 21:17:29,311 (INFO)- teacher.views- MIT
2025-02-05 21:17:29,630 (INFO)- teacher.views- MIT
2025-02-05 21:17:30,038 (INFO)- teacher.views- MIT
2025-02-05 21:17:30,465 (INFO)- teacher.views- MIT
2025-02-05 21:17:30,843 (INFO)- teacher.views- MIT
2025-02-05 21:17:31,348 (INFO)- teacher.views- MIT
2025-02-05 21:17:32,499 (INFO)- teacher.views- MIT
2025-02-05 21:17:38,968 (INFO)- teacher.views- MIT
2025-02-05 21:17:45,275 (INFO)- teacher.views- MIT
2025-02-05 21:17:45,704 (INFO)- teacher.views- MIT
2025-02-05 21:17:46,053 (INFO)- teacher.views- MIT
2025-02-05 21:17:46,464 (INFO)- teacher.views- MIT
2025-02-05 21:17:46,778 (INFO)- teacher.views- MIT
2025-02-05 21:17:47,124 (INFO)- teacher.views- MIT
2025-02-05 21:17:47,633 (INFO)- teacher.views- MIT
2025-02-05 21:17:48,028 (INFO)- teacher.views- MIT
2025-02-05 21:17:48,372 (INFO)- teacher.views- MIT
2025-02-05 21:17:48,912 (INFO)- teacher.views- MIT
2025-02-05 21:17:49,430 (INFO)- teacher.views- MIT
2025-02-05 21:17:49,890 (INFO)- teacher.views- MIT
2025-02-05 21:17:50,317 (INFO)- teacher.views- MIT
2025-02-05 21:17:50,665 (INFO)- teacher.views- MIT
2025-02-05 21:17:51,106 (INFO)- teacher.views- MIT
2025-02-05 21:17:51,682 (INFO)- teacher.views- MIT
2025-02-05 21:17:52,105 (INFO)- teacher.views- MIT
2025-02-05 21:18:04,875 (INFO)- teacher.views- MIT
2025-02-05 21:18:05,483 (INFO)- teacher.views- MIT
2025-02-05 21:18:05,971 (INFO)- teacher.views- MIT
2025-02-05 21:18:06,548 (INFO)- teacher.views- MIT
2025-02-05 21:18:07,184 (INFO)- teacher.views- MIT
2025-02-05 21:18:07,659 (INFO)- teacher.views- MIT
2025-02-05 21:18:08,252 (INFO)- teacher.views- MIT
2025-02-05 21:18:08,763 (INFO)- teacher.views- MIT
2025-02-05 21:18:09,318 (INFO)- teacher.views- MIT
2025-02-05 21:18:10,015 (INFO)- teacher.views- MIT
2025-02-05 21:18:10,554 (INFO)- teacher.views- MIT
2025-02-05 21:18:11,183 (INFO)- teacher.views- MIT
2025-02-05 21:18:11,549 (INFO)- teacher.views- MIT
2025-02-05 21:18:12,245 (INFO)- teacher.views- MIT
2025-02-05 21:18:12,699 (INFO)- teacher.views- MIT
2025-02-05 21:18:13,264 (INFO)- teacher.views- MIT
2025-02-05 21:18:13,856 (INFO)- teacher.views- MIT
2025-02-05 21:18:14,408 (INFO)- teacher.views- MIT
2025-02-05 21:18:14,920 (INFO)- teacher.views- MIT
2025-02-05 21:18:15,518 (INFO)- teacher.views- MIT
2025-02-05 21:18:16,068 (INFO)- teacher.views- MIT
2025-02-05 21:18:16,691 (INFO)- teacher.views- MIT
2025-02-05 21:18:17,296 (INFO)- teacher.views- MIT
2025-02-05 21:18:17,765 (INFO)- teacher.views- MIT
2025-02-05 21:18:18,333 (INFO)- teacher.views- MIT
2025-02-05 21:18:18,839 (INFO)- teacher.views- MIT
2025-02-05 21:18:19,359 (INFO)- teacher.views- MIT
2025-02-05 21:18:19,789 (INFO)- teacher.views- MIT
2025-02-05 21:18:20,295 (INFO)- teacher.views- MIT
2025-02-05 21:18:20,780 (INFO)- teacher.views- MIT
2025-02-05 21:18:21,396 (INFO)- teacher.views- MIT
2025-02-05 21:18:22,534 (INFO)- teacher.views- MIT
2025-02-05 21:18:34,336 (INFO)- teacher.views- MIT
2025-02-05 21:18:34,965 (INFO)- teacher.views- MIT
2025-02-05 21:18:35,428 (INFO)- teacher.views- MIT
2025-02-05 21:18:36,071 (INFO)- teacher.views- MIT
2025-02-05 21:18:41,063 (INFO)- teacher.views- MIT
2025-02-05 21:18:48,271 (INFO)- teacher.views- MIT
2025-02-05 21:19:10,911 (INFO)- teacher.views- MIT
2025-02-05 21:19:12,395 (INFO)- teacher.views- MIT
2025-02-05 21:19:16,492 (INFO)- teacher.views- MIT
2025-02-05 21:19:19,273 (INFO)- teacher.views- MIT
2025-02-05 21:19:21,475 (INFO)- teacher.views- MIT
2025-02-05 21:19:28,593 (INFO)- teacher.views- MIT
2025-02-05 21:19:29,615 (INFO)- teacher.views- MIT
2025-02-05 21:19:30,182 (INFO)- teacher.views- MIT
2025-02-05 21:19:31,041 (INFO)- teacher.views- MIT
2025-02-05 21:19:31,596 (INFO)- teacher.views- MIT
2025-02-05 21:19:32,158 (INFO)- teacher.views- MIT
2025-02-05 21:19:32,598 (INFO)- teacher.views- MIT
2025-02-05 21:19:33,113 (INFO)- teacher.views- MIT
2025-02-05 21:19:33,638 (INFO)- teacher.views- MIT
2025-02-05 21:19:37,007 (INFO)- teacher.views- MIT
2025-02-05 21:19:39,257 (INFO)- teacher.views- MIT
2025-02-05 21:19:47,946 (INFO)- teacher.views- MIT
2025-02-05 21:19:48,452 (INFO)- teacher.views- MIT
2025-02-05 21:19:49,422 (INFO)- teacher.views- MIT
2025-02-05 21:19:49,880 (INFO)- teacher.views- MIT
2025-02-05 21:19:50,421 (INFO)- teacher.views- MIT
2025-02-05 21:19:51,097 (INFO)- teacher.views- MIT
2025-02-05 21:19:51,558 (INFO)- teacher.views- MIT
2025-02-05 21:19:52,147 (INFO)- teacher.views- MIT
2025-02-05 21:19:52,824 (INFO)- teacher.views- MIT
2025-02-05 21:19:53,325 (INFO)- teacher.views- MIT
2025-02-05 21:19:53,791 (INFO)- teacher.views- MIT
2025-02-05 21:19:54,366 (INFO)- teacher.views- MIT
2025-02-05 21:19:54,995 (INFO)- teacher.views- MIT
2025-02-05 21:19:55,474 (INFO)- teacher.views- MIT
2025-02-05 21:19:56,035 (INFO)- teacher.views- MIT
2025-02-05 21:19:56,576 (INFO)- teacher.views- MIT
2025-02-05 21:19:57,182 (INFO)- teacher.views- MIT
2025-02-05 21:19:57,764 (INFO)- teacher.views- MIT
2025-02-05 21:19:58,414 (INFO)- teacher.views- MIT
2025-02-05 21:19:59,545 (INFO)- teacher.views- MIT
2025-02-05 21:20:05,310 (INFO)- teacher.views- MIT
2025-02-05 21:20:17,596 (INFO)- teacher.views- MIT
2025-02-05 21:20:19,493 (INFO)- teacher.views- MIT
2025-02-05 21:20:20,024 (INFO)- teacher.views- MIT
2025-02-05 21:21:00,597 (INFO)- teacher.views- MIT
2025-02-05 21:21:12,897 (INFO)- teacher.views- MIT
2025-02-05 21:21:13,271 (INFO)- teacher.views- MIT
2025-02-05 21:21:13,830 (INFO)- teacher.views- MIT
2025-02-05 21:21:14,473 (INFO)- teacher.views- MIT
2025-02-05 21:21:15,048 (INFO)- teacher.views- MIT
2025-02-05 21:21:15,844 (INFO)- teacher.views- MIT
2025-02-05 21:21:16,468 (INFO)- teacher.views- MIT
2025-02-05 21:21:48,016 (INFO)- teacher.views- MIT
2025-02-05 21:21:59,585 (INFO)- teacher.views- MIT
2025-02-05 21:21:59,891 (INFO)- teacher.views- MIT
2025-02-05 21:22:00,312 (INFO)- teacher.views- MIT
2025-02-05 21:22:00,671 (INFO)- teacher.views- MIT
2025-02-05 21:22:01,104 (INFO)- teacher.views- MIT
2025-02-05 21:22:01,555 (INFO)- teacher.views- MIT
2025-02-05 21:22:01,941 (INFO)- teacher.views- MIT
2025-02-05 21:22:02,283 (INFO)- teacher.views- MIT
2025-02-05 21:22:02,705 (INFO)- teacher.views- MIT
2025-02-05 21:22:03,121 (INFO)- teacher.views- MIT
2025-02-05 21:22:03,538 (INFO)- teacher.views- MIT
2025-02-05 21:22:03,940 (INFO)- teacher.views- MIT
2025-02-05 21:22:04,362 (INFO)- teacher.views- MIT
2025-02-05 21:22:04,739 (INFO)- teacher.views- MIT
2025-02-05 21:22:05,125 (INFO)- teacher.views- MIT
2025-02-05 21:22:09,317 (INFO)- django.utils.autoreload- Watching for file changes with StatReloader
2025-02-05 21:22:10,040 (INFO)- teacher.views- MIT
2025-02-05 21:22:10,431 (INFO)- teacher.views- MIT
2025-02-05 21:22:10,850 (INFO)- teacher.views- MIT
2025-02-05 21:22:11,231 (INFO)- teacher.views- MIT
2025-02-05 21:22:11,813 (INFO)- teacher.views- MIT
2025-02-05 21:22:12,236 (INFO)- teacher.views- MIT
2025-02-05 21:22:12,590 (INFO)- teacher.views- MIT
2025-02-05 21:22:12,992 (INFO)- teacher.views- MIT
2025-02-05 21:22:13,378 (INFO)- teacher.views- MIT
2025-02-05 21:22:13,855 (INFO)- teacher.views- MIT
2025-02-05 21:22:14,165 (INFO)- teacher.views- MIT
2025-02-05 21:22:14,790 (INFO)- teacher.views- MIT
2025-02-05 21:22:24,767 (INFO)- teacher.views- MIT
2025-02-05 21:22:25,005 (INFO)- teacher.views- MIT
2025-02-05 21:22:25,483 (INFO)- teacher.views- MIT
2025-02-05 21:22:25,861 (INFO)- teacher.views- MIT
2025-02-05 21:22:26,288 (INFO)- teacher.views- MIT
2025-02-05 21:22:26,696 (INFO)- teacher.views- MIT
2025-02-05 21:22:27,105 (INFO)- teacher.views- MIT
2025-02-05 21:22:27,499 (INFO)- teacher.views- MIT
2025-02-05 21:22:27,869 (INFO)- teacher.views- MIT
2025-02-05 21:22:28,285 (INFO)- teacher.views- MIT
2025-02-05 21:23:52,776 (INFO)- teacher.views- MIT
2025-02-05 21:25:03,881 (INFO)- teacher.views- MIT
2025-02-05 21:26:07,926 (INFO)- teacher.views- MIT
2025-02-05 21:27:06,782 (INFO)- teacher.views- MIT
2025-02-05 21:27:08,807 (INFO)- teacher.views- MIT
2025-02-05 21:27:55,367 (INFO)- teacher.views- MIT
2025-02-05 21:28:30,013 (WARNING)- django.request- Unauthorized: /api/login-student/
2025-02-05 21:29:26,031 (INFO)- teacher.views- MIT
2025-02-05 21:29:41,430 (INFO)- teacher.views- MIT
2025-02-05 21:29:52,536 (INFO)- admin_app.views- eyJhbGciOiJIUzI1NiIsInR5cCI6IkpXVCJ9.eyJ0b2tlbl90eXBlIjoiYWNjZXNzIiwiZXhwIjoxNzM5NjM1MTkxLCJpYXQiOjE3Mzg3NzExOTEsImp0aSI6IjI4NTNjY2ViMDIyNzQxYjRhNmZhNjEwZWIzNTAxNGFkIiwidXNlcl9pZCI6MTR9.W9nZ1MzzRNcSos2snmBJ9Zg_7TtmQH6nU0pMuFGtxDI
2025-02-05 21:29:52,545 (INFO)- admin_app.serializers- admin_app
2025-02-05 21:29:52,576 (INFO)- admin_app.serializers- admin_app
2025-02-05 21:29:56,486 (INFO)- admin_app.serializers- admin_app
2025-02-05 21:30:01,600 (INFO)- admin_app.serializers- admin_app
2025-02-05 21:30:02,144 (INFO)- admin_app.serializers- admin_app
2025-02-05 21:30:02,397 (ERROR)- django.request- Internal Server Error: /api/admin-courses/teacher/get/
Traceback (most recent call last):
  File "C:\Users\hp\AppData\Local\Programs\Python\Python312\Lib\site-packages\django\core\handlers\exception.py", line 55, in inner
    response = get_response(request)
               ^^^^^^^^^^^^^^^^^^^^^
  File "C:\Users\hp\AppData\Local\Programs\Python\Python312\Lib\site-packages\django\core\handlers\base.py", line 197, in _get_response
    response = wrapped_callback(request, *callback_args, **callback_kwargs)
               ^^^^^^^^^^^^^^^^^^^^^^^^^^^^^^^^^^^^^^^^^^^^^^^^^^^^^^^^^^^^
  File "C:\Users\hp\AppData\Local\Programs\Python\Python312\Lib\site-packages\django\views\decorators\csrf.py", line 65, in _view_wrapper
    return view_func(request, *args, **kwargs)
           ^^^^^^^^^^^^^^^^^^^^^^^^^^^^^^^^^^^
  File "C:\Users\hp\AppData\Local\Programs\Python\Python312\Lib\site-packages\django\views\generic\base.py", line 104, in view
    return self.dispatch(request, *args, **kwargs)
           ^^^^^^^^^^^^^^^^^^^^^^^^^^^^^^^^^^^^^^^
  File "C:\Users\hp\AppData\Local\Programs\Python\Python312\Lib\site-packages\rest_framework\views.py", line 509, in dispatch
    response = self.handle_exception(exc)
               ^^^^^^^^^^^^^^^^^^^^^^^^^^
  File "C:\Users\hp\AppData\Local\Programs\Python\Python312\Lib\site-packages\rest_framework\views.py", line 469, in handle_exception
    self.raise_uncaught_exception(exc)
  File "C:\Users\hp\AppData\Local\Programs\Python\Python312\Lib\site-packages\rest_framework\views.py", line 480, in raise_uncaught_exception
    raise exc
  File "C:\Users\hp\AppData\Local\Programs\Python\Python312\Lib\site-packages\rest_framework\views.py", line 506, in dispatch
    response = handler(request, *args, **kwargs)
               ^^^^^^^^^^^^^^^^^^^^^^^^^^^^^^^^^
  File "C:\Users\hp\OneDrive\Desktop\Examino\project\teacher\views.py", line 87, in get
    user = TeacherCred.objects.get(username=username)
           ^^^^^^^^^^^^^^^^^^^^^^^^^^^^^^^^^^^^^^^^^^
  File "C:\Users\hp\AppData\Local\Programs\Python\Python312\Lib\site-packages\django\db\models\manager.py", line 87, in manager_method
    return getattr(self.get_queryset(), name)(*args, **kwargs)
           ^^^^^^^^^^^^^^^^^^^^^^^^^^^^^^^^^^^^^^^^^^^^^^^^^^^
  File "C:\Users\hp\AppData\Local\Programs\Python\Python312\Lib\site-packages\django\db\models\query.py", line 649, in get
    raise self.model.DoesNotExist(
teacher.models.TeacherCred.DoesNotExist: TeacherCred matching query does not exist.
2025-02-05 21:30:02,397 (ERROR)- django.request- Internal Server Error: /api/admin-class/teacher/get/
Traceback (most recent call last):
  File "C:\Users\hp\AppData\Local\Programs\Python\Python312\Lib\site-packages\django\core\handlers\exception.py", line 55, in inner
    response = get_response(request)
               ^^^^^^^^^^^^^^^^^^^^^
  File "C:\Users\hp\AppData\Local\Programs\Python\Python312\Lib\site-packages\django\core\handlers\base.py", line 197, in _get_response
    response = wrapped_callback(request, *callback_args, **callback_kwargs)
               ^^^^^^^^^^^^^^^^^^^^^^^^^^^^^^^^^^^^^^^^^^^^^^^^^^^^^^^^^^^^
  File "C:\Users\hp\AppData\Local\Programs\Python\Python312\Lib\site-packages\django\views\decorators\csrf.py", line 65, in _view_wrapper
    return view_func(request, *args, **kwargs)
           ^^^^^^^^^^^^^^^^^^^^^^^^^^^^^^^^^^^
  File "C:\Users\hp\AppData\Local\Programs\Python\Python312\Lib\site-packages\django\views\generic\base.py", line 104, in view
    return self.dispatch(request, *args, **kwargs)
           ^^^^^^^^^^^^^^^^^^^^^^^^^^^^^^^^^^^^^^^
  File "C:\Users\hp\AppData\Local\Programs\Python\Python312\Lib\site-packages\rest_framework\views.py", line 509, in dispatch
    response = self.handle_exception(exc)
               ^^^^^^^^^^^^^^^^^^^^^^^^^^
  File "C:\Users\hp\AppData\Local\Programs\Python\Python312\Lib\site-packages\rest_framework\views.py", line 469, in handle_exception
    self.raise_uncaught_exception(exc)
  File "C:\Users\hp\AppData\Local\Programs\Python\Python312\Lib\site-packages\rest_framework\views.py", line 480, in raise_uncaught_exception
    raise exc
  File "C:\Users\hp\AppData\Local\Programs\Python\Python312\Lib\site-packages\rest_framework\views.py", line 506, in dispatch
    response = handler(request, *args, **kwargs)
               ^^^^^^^^^^^^^^^^^^^^^^^^^^^^^^^^^
  File "C:\Users\hp\OneDrive\Desktop\Examino\project\teacher\views.py", line 68, in get
    user = TeacherCred.objects.get(username=username)
           ^^^^^^^^^^^^^^^^^^^^^^^^^^^^^^^^^^^^^^^^^^
  File "C:\Users\hp\AppData\Local\Programs\Python\Python312\Lib\site-packages\django\db\models\manager.py", line 87, in manager_method
    return getattr(self.get_queryset(), name)(*args, **kwargs)
           ^^^^^^^^^^^^^^^^^^^^^^^^^^^^^^^^^^^^^^^^^^^^^^^^^^^
  File "C:\Users\hp\AppData\Local\Programs\Python\Python312\Lib\site-packages\django\db\models\query.py", line 649, in get
    raise self.model.DoesNotExist(
teacher.models.TeacherCred.DoesNotExist: TeacherCred matching query does not exist.
2025-02-05 21:30:11,192 (ERROR)- django.request- Internal Server Error: /api/admin-class/teacher/get/
Traceback (most recent call last):
  File "C:\Users\hp\AppData\Local\Programs\Python\Python312\Lib\site-packages\django\core\handlers\exception.py", line 55, in inner
    response = get_response(request)
               ^^^^^^^^^^^^^^^^^^^^^
  File "C:\Users\hp\AppData\Local\Programs\Python\Python312\Lib\site-packages\django\core\handlers\base.py", line 197, in _get_response
    response = wrapped_callback(request, *callback_args, **callback_kwargs)
               ^^^^^^^^^^^^^^^^^^^^^^^^^^^^^^^^^^^^^^^^^^^^^^^^^^^^^^^^^^^^
  File "C:\Users\hp\AppData\Local\Programs\Python\Python312\Lib\site-packages\django\views\decorators\csrf.py", line 65, in _view_wrapper
    return view_func(request, *args, **kwargs)
           ^^^^^^^^^^^^^^^^^^^^^^^^^^^^^^^^^^^
  File "C:\Users\hp\AppData\Local\Programs\Python\Python312\Lib\site-packages\django\views\generic\base.py", line 104, in view
    return self.dispatch(request, *args, **kwargs)
           ^^^^^^^^^^^^^^^^^^^^^^^^^^^^^^^^^^^^^^^
  File "C:\Users\hp\AppData\Local\Programs\Python\Python312\Lib\site-packages\rest_framework\views.py", line 509, in dispatch
    response = self.handle_exception(exc)
               ^^^^^^^^^^^^^^^^^^^^^^^^^^
  File "C:\Users\hp\AppData\Local\Programs\Python\Python312\Lib\site-packages\rest_framework\views.py", line 469, in handle_exception
    self.raise_uncaught_exception(exc)
  File "C:\Users\hp\AppData\Local\Programs\Python\Python312\Lib\site-packages\rest_framework\views.py", line 480, in raise_uncaught_exception
    raise exc
  File "C:\Users\hp\AppData\Local\Programs\Python\Python312\Lib\site-packages\rest_framework\views.py", line 506, in dispatch
    response = handler(request, *args, **kwargs)
               ^^^^^^^^^^^^^^^^^^^^^^^^^^^^^^^^^
  File "C:\Users\hp\OneDrive\Desktop\Examino\project\teacher\views.py", line 68, in get
    user = TeacherCred.objects.get(username=username)
           ^^^^^^^^^^^^^^^^^^^^^^^^^^^^^^^^^^^^^^^^^^
  File "C:\Users\hp\AppData\Local\Programs\Python\Python312\Lib\site-packages\django\db\models\manager.py", line 87, in manager_method
    return getattr(self.get_queryset(), name)(*args, **kwargs)
           ^^^^^^^^^^^^^^^^^^^^^^^^^^^^^^^^^^^^^^^^^^^^^^^^^^^
  File "C:\Users\hp\AppData\Local\Programs\Python\Python312\Lib\site-packages\django\db\models\query.py", line 649, in get
    raise self.model.DoesNotExist(
teacher.models.TeacherCred.DoesNotExist: TeacherCred matching query does not exist.
2025-02-05 21:30:24,318 (INFO)- teacher.views- MIT
2025-02-05 21:31:03,491 (INFO)- teacher.views- MIT
2025-02-05 21:31:37,855 (INFO)- student.views- <QuerySet []>
2025-02-05 21:31:37,855 (INFO)- student.views- <QuerySet [<StudentMarks: StudentMarks object (20)>]>
2025-02-05 21:32:38,469 (INFO)- student.views- <QuerySet []>
2025-02-05 21:32:38,485 (INFO)- student.views- <QuerySet [<StudentMarks: StudentMarks object (19)>, <StudentMarks: StudentMarks object (21)>]>
2025-02-05 21:35:07,724 (INFO)- student.views- ['Option 1']
2025-02-05 21:35:09,715 (INFO)- student.views- ['Option 1']
2025-02-05 21:35:13,537 (INFO)- student.views- <QuerySet [<Exams: Exams object (6)>]>
2025-02-05 21:35:13,549 (INFO)- student.views- <QuerySet [<StudentMarks: StudentMarks object (22)>, <StudentMarks: StudentMarks object (23)>]>
2025-02-05 21:40:53,843 (INFO)- django.utils.autoreload- C:\Users\hp\OneDrive\Desktop\Examino\project\home\models.py changed, reloading.
2025-02-05 21:40:55,130 (INFO)- django.utils.autoreload- Watching for file changes with StatReloader
2025-02-05 21:48:20,379 (INFO)- django.utils.autoreload- C:\Users\hp\OneDrive\Desktop\Examino\project\project\settings.py changed, reloading.
2025-02-06 18:08:57,651 (INFO)- django.utils.autoreload- Watching for file changes with StatReloader
2025-02-06 18:09:08,428 (INFO)- admin_app.views- eyJhbGciOiJIUzI1NiIsInR5cCI6IkpXVCJ9.eyJ0b2tlbl90eXBlIjoiYWNjZXNzIiwiZXhwIjoxNzM5NzA5NTQ2LCJpYXQiOjE3Mzg4NDU1NDYsImp0aSI6IjI5ZGY0ZmVkNmVlNDRlMzc4ZDQxNTI5YjcwZGNlYmQxIiwidXNlcl9pZCI6MTR9.qrwf_mEAWp2irNvS0AODr0wjVyKVXd-W-U-OWdp5eHY
2025-02-06 18:09:08,437 (INFO)- admin_app.serializers- admin_app
2025-02-06 18:09:08,461 (INFO)- admin_app.serializers- admin_app
2025-02-06 18:09:11,766 (INFO)- admin_app.serializers- admin_app
2025-02-06 18:09:16,781 (INFO)- admin_app.views- eyJhbGciOiJIUzI1NiIsInR5cCI6IkpXVCJ9.eyJ0b2tlbl90eXBlIjoiYWNjZXNzIiwiZXhwIjoxNzM5NzA5NTQ2LCJpYXQiOjE3Mzg4NDU1NDYsImp0aSI6IjI5ZGY0ZmVkNmVlNDRlMzc4ZDQxNTI5YjcwZGNlYmQxIiwidXNlcl9pZCI6MTR9.qrwf_mEAWp2irNvS0AODr0wjVyKVXd-W-U-OWdp5eHY
2025-02-06 18:09:16,781 (INFO)- admin_app.serializers- admin_app
2025-02-06 18:09:16,828 (INFO)- admin_app.serializers- admin_app
2025-02-06 18:09:19,520 (INFO)- admin_app.views- eyJhbGciOiJIUzI1NiIsInR5cCI6IkpXVCJ9.eyJ0b2tlbl90eXBlIjoiYWNjZXNzIiwiZXhwIjoxNzM5NzA5NTQ2LCJpYXQiOjE3Mzg4NDU1NDYsImp0aSI6IjI5ZGY0ZmVkNmVlNDRlMzc4ZDQxNTI5YjcwZGNlYmQxIiwidXNlcl9pZCI6MTR9.qrwf_mEAWp2irNvS0AODr0wjVyKVXd-W-U-OWdp5eHY
2025-02-06 18:09:19,520 (INFO)- admin_app.serializers- admin_app
2025-02-06 18:09:19,618 (INFO)- admin_app.serializers- admin_app
2025-02-06 18:09:37,260 (INFO)- teacher.views- MIT
2025-02-06 18:10:19,472 (INFO)- student.views- <QuerySet []>
2025-02-06 18:10:19,472 (INFO)- student.views- <QuerySet [<StudentMarks: StudentMarks object (19)>, <StudentMarks: StudentMarks object (21)>]>
2025-02-06 23:24:41,356 (INFO)- django.utils.autoreload- Watching for file changes with StatReloader
2025-02-06 23:25:05,476 (INFO)- admin_app.views- eyJhbGciOiJIUzI1NiIsInR5cCI6IkpXVCJ9.eyJ0b2tlbl90eXBlIjoiYWNjZXNzIiwiZXhwIjoxNzM5NzI4NTA0LCJpYXQiOjE3Mzg4NjQ1MDQsImp0aSI6Ijk3MGE4NDBlYjk5OTQ5NjJiMGEyNDIyZjE1YzcyZGM2IiwidXNlcl9pZCI6MTR9.EMz_6KTeXgNDK4urEI598_VhneqbBX4iXBRPJRHVBFg
2025-02-06 23:25:05,483 (INFO)- admin_app.serializers- admin_app
2025-02-06 23:25:05,565 (INFO)- admin_app.serializers- admin_app
2025-02-06 23:25:29,283 (INFO)- admin_app.views- eyJhbGciOiJIUzI1NiIsInR5cCI6IkpXVCJ9.eyJ0b2tlbl90eXBlIjoiYWNjZXNzIiwiZXhwIjoxNzM5NzI4NTA0LCJpYXQiOjE3Mzg4NjQ1MDQsImp0aSI6Ijk3MGE4NDBlYjk5OTQ5NjJiMGEyNDIyZjE1YzcyZGM2IiwidXNlcl9pZCI6MTR9.EMz_6KTeXgNDK4urEI598_VhneqbBX4iXBRPJRHVBFg
2025-02-06 23:25:29,289 (INFO)- admin_app.serializers- admin_app
2025-02-06 23:25:29,320 (INFO)- admin_app.serializers- admin_app
2025-02-06 23:25:32,276 (INFO)- admin_app.serializers- admin_app
2025-02-06 23:25:39,382 (INFO)- admin_app.views- eyJhbGciOiJIUzI1NiIsInR5cCI6IkpXVCJ9.eyJ0b2tlbl90eXBlIjoiYWNjZXNzIiwiZXhwIjoxNzM5NzI4NTA0LCJpYXQiOjE3Mzg4NjQ1MDQsImp0aSI6Ijk3MGE4NDBlYjk5OTQ5NjJiMGEyNDIyZjE1YzcyZGM2IiwidXNlcl9pZCI6MTR9.EMz_6KTeXgNDK4urEI598_VhneqbBX4iXBRPJRHVBFg
2025-02-06 23:25:39,386 (INFO)- admin_app.serializers- admin_app
2025-02-06 23:25:39,431 (INFO)- admin_app.serializers- admin_app
2025-02-06 23:25:41,058 (INFO)- admin_app.serializers- admin_app
2025-02-06 23:25:45,333 (INFO)- admin_app.views- eyJhbGciOiJIUzI1NiIsInR5cCI6IkpXVCJ9.eyJ0b2tlbl90eXBlIjoiYWNjZXNzIiwiZXhwIjoxNzM5NzI4NTA0LCJpYXQiOjE3Mzg4NjQ1MDQsImp0aSI6Ijk3MGE4NDBlYjk5OTQ5NjJiMGEyNDIyZjE1YzcyZGM2IiwidXNlcl9pZCI6MTR9.EMz_6KTeXgNDK4urEI598_VhneqbBX4iXBRPJRHVBFg
2025-02-06 23:25:45,338 (INFO)- admin_app.serializers- admin_app
2025-02-06 23:25:45,371 (INFO)- admin_app.serializers- admin_app
2025-02-06 23:26:03,914 (INFO)- admin_app.views- eyJhbGciOiJIUzI1NiIsInR5cCI6IkpXVCJ9.eyJ0b2tlbl90eXBlIjoiYWNjZXNzIiwiZXhwIjoxNzM5NzI4NTA0LCJpYXQiOjE3Mzg4NjQ1MDQsImp0aSI6Ijk3MGE4NDBlYjk5OTQ5NjJiMGEyNDIyZjE1YzcyZGM2IiwidXNlcl9pZCI6MTR9.EMz_6KTeXgNDK4urEI598_VhneqbBX4iXBRPJRHVBFg
2025-02-06 23:26:03,923 (INFO)- admin_app.serializers- admin_app
2025-02-06 23:26:03,945 (INFO)- admin_app.serializers- admin_app
2025-02-06 23:26:08,582 (INFO)- admin_app.serializers- admin_app
2025-02-06 23:26:28,678 (INFO)- admin_app.serializers- admin_app
2025-02-06 23:26:30,565 (INFO)- admin_app.serializers- admin_app
2025-02-06 23:26:51,335 (INFO)- admin_app.serializers- admin_app
2025-02-06 23:26:51,638 (INFO)- admin_app.serializers- admin_app
2025-02-06 23:26:52,039 (INFO)- admin_app.serializers- admin_app
2025-02-06 23:26:52,453 (INFO)- admin_app.serializers- admin_app
2025-02-06 23:26:52,869 (INFO)- admin_app.serializers- admin_app
2025-02-06 23:26:53,252 (INFO)- admin_app.serializers- admin_app
2025-02-06 23:26:53,668 (INFO)- admin_app.serializers- admin_app
2025-02-06 23:26:54,092 (INFO)- admin_app.serializers- admin_app
2025-02-06 23:26:54,469 (INFO)- admin_app.serializers- admin_app
2025-02-06 23:26:54,859 (INFO)- admin_app.serializers- admin_app
2025-02-06 23:26:55,260 (INFO)- admin_app.serializers- admin_app
2025-02-06 23:26:55,681 (INFO)- admin_app.serializers- admin_app
2025-02-06 23:26:56,118 (INFO)- admin_app.serializers- admin_app
2025-02-06 23:26:56,473 (INFO)- admin_app.serializers- admin_app
2025-02-06 23:26:56,890 (INFO)- admin_app.serializers- admin_app
2025-02-06 23:26:57,292 (INFO)- admin_app.serializers- admin_app
2025-02-06 23:26:57,721 (INFO)- admin_app.serializers- admin_app
2025-02-06 23:26:58,091 (INFO)- admin_app.serializers- admin_app
2025-02-06 23:26:58,527 (INFO)- admin_app.serializers- admin_app
2025-02-06 23:26:58,893 (INFO)- admin_app.serializers- admin_app
2025-02-06 23:26:59,303 (INFO)- admin_app.serializers- admin_app
2025-02-06 23:26:59,756 (INFO)- admin_app.serializers- admin_app
2025-02-06 23:27:00,165 (INFO)- admin_app.serializers- admin_app
2025-02-06 23:27:00,468 (INFO)- admin_app.serializers- admin_app
2025-02-06 23:27:00,907 (INFO)- admin_app.serializers- admin_app
2025-02-06 23:27:01,316 (INFO)- admin_app.serializers- admin_app
2025-02-06 23:27:01,709 (INFO)- admin_app.serializers- admin_app
2025-02-06 23:27:02,120 (INFO)- admin_app.serializers- admin_app
2025-02-06 23:27:02,568 (INFO)- admin_app.serializers- admin_app
2025-02-06 23:27:02,932 (INFO)- admin_app.serializers- admin_app
2025-02-06 23:27:03,368 (INFO)- admin_app.serializers- admin_app
2025-02-06 23:27:03,745 (INFO)- admin_app.serializers- admin_app
2025-02-06 23:27:04,155 (INFO)- admin_app.serializers- admin_app
2025-02-06 23:27:04,672 (INFO)- admin_app.serializers- admin_app
2025-02-06 23:27:04,883 (INFO)- admin_app.serializers- admin_app
2025-02-06 23:27:05,313 (INFO)- admin_app.serializers- admin_app
2025-02-06 23:27:05,806 (INFO)- admin_app.serializers- admin_app
2025-02-06 23:27:06,333 (INFO)- admin_app.serializers- admin_app
2025-02-06 23:27:06,887 (INFO)- admin_app.views- eyJhbGciOiJIUzI1NiIsInR5cCI6IkpXVCJ9.eyJ0b2tlbl90eXBlIjoiYWNjZXNzIiwiZXhwIjoxNzM5NzI4NTA0LCJpYXQiOjE3Mzg4NjQ1MDQsImp0aSI6Ijk3MGE4NDBlYjk5OTQ5NjJiMGEyNDIyZjE1YzcyZGM2IiwidXNlcl9pZCI6MTR9.EMz_6KTeXgNDK4urEI598_VhneqbBX4iXBRPJRHVBFg
2025-02-06 23:27:06,890 (INFO)- admin_app.serializers- admin_app
2025-02-06 23:27:06,917 (INFO)- admin_app.serializers- admin_app
2025-02-06 23:27:07,168 (INFO)- admin_app.views- eyJhbGciOiJIUzI1NiIsInR5cCI6IkpXVCJ9.eyJ0b2tlbl90eXBlIjoiYWNjZXNzIiwiZXhwIjoxNzM5NzI4NTA0LCJpYXQiOjE3Mzg4NjQ1MDQsImp0aSI6Ijk3MGE4NDBlYjk5OTQ5NjJiMGEyNDIyZjE1YzcyZGM2IiwidXNlcl9pZCI6MTR9.EMz_6KTeXgNDK4urEI598_VhneqbBX4iXBRPJRHVBFg
2025-02-06 23:27:07,168 (INFO)- admin_app.serializers- admin_app
2025-02-06 23:27:07,199 (INFO)- admin_app.serializers- admin_app
2025-02-06 23:27:07,509 (INFO)- admin_app.views- eyJhbGciOiJIUzI1NiIsInR5cCI6IkpXVCJ9.eyJ0b2tlbl90eXBlIjoiYWNjZXNzIiwiZXhwIjoxNzM5NzI4NTA0LCJpYXQiOjE3Mzg4NjQ1MDQsImp0aSI6Ijk3MGE4NDBlYjk5OTQ5NjJiMGEyNDIyZjE1YzcyZGM2IiwidXNlcl9pZCI6MTR9.EMz_6KTeXgNDK4urEI598_VhneqbBX4iXBRPJRHVBFg
2025-02-06 23:27:07,509 (INFO)- admin_app.serializers- admin_app
2025-02-06 23:27:07,555 (INFO)- admin_app.serializers- admin_app
2025-02-06 23:27:08,063 (INFO)- admin_app.views- eyJhbGciOiJIUzI1NiIsInR5cCI6IkpXVCJ9.eyJ0b2tlbl90eXBlIjoiYWNjZXNzIiwiZXhwIjoxNzM5NzI4NTA0LCJpYXQiOjE3Mzg4NjQ1MDQsImp0aSI6Ijk3MGE4NDBlYjk5OTQ5NjJiMGEyNDIyZjE1YzcyZGM2IiwidXNlcl9pZCI6MTR9.EMz_6KTeXgNDK4urEI598_VhneqbBX4iXBRPJRHVBFg
2025-02-06 23:27:08,066 (INFO)- admin_app.serializers- admin_app
2025-02-06 23:27:08,105 (INFO)- admin_app.serializers- admin_app
2025-02-06 23:27:08,494 (INFO)- admin_app.views- eyJhbGciOiJIUzI1NiIsInR5cCI6IkpXVCJ9.eyJ0b2tlbl90eXBlIjoiYWNjZXNzIiwiZXhwIjoxNzM5NzI4NTA0LCJpYXQiOjE3Mzg4NjQ1MDQsImp0aSI6Ijk3MGE4NDBlYjk5OTQ5NjJiMGEyNDIyZjE1YzcyZGM2IiwidXNlcl9pZCI6MTR9.EMz_6KTeXgNDK4urEI598_VhneqbBX4iXBRPJRHVBFg
2025-02-06 23:27:08,500 (INFO)- admin_app.serializers- admin_app
2025-02-06 23:27:08,536 (INFO)- admin_app.serializers- admin_app
2025-02-06 23:27:08,882 (INFO)- admin_app.views- eyJhbGciOiJIUzI1NiIsInR5cCI6IkpXVCJ9.eyJ0b2tlbl90eXBlIjoiYWNjZXNzIiwiZXhwIjoxNzM5NzI4NTA0LCJpYXQiOjE3Mzg4NjQ1MDQsImp0aSI6Ijk3MGE4NDBlYjk5OTQ5NjJiMGEyNDIyZjE1YzcyZGM2IiwidXNlcl9pZCI6MTR9.EMz_6KTeXgNDK4urEI598_VhneqbBX4iXBRPJRHVBFg
2025-02-06 23:27:08,892 (INFO)- admin_app.serializers- admin_app
2025-02-06 23:27:08,910 (INFO)- admin_app.serializers- admin_app
2025-02-06 23:27:09,315 (INFO)- admin_app.views- eyJhbGciOiJIUzI1NiIsInR5cCI6IkpXVCJ9.eyJ0b2tlbl90eXBlIjoiYWNjZXNzIiwiZXhwIjoxNzM5NzI4NTA0LCJpYXQiOjE3Mzg4NjQ1MDQsImp0aSI6Ijk3MGE4NDBlYjk5OTQ5NjJiMGEyNDIyZjE1YzcyZGM2IiwidXNlcl9pZCI6MTR9.EMz_6KTeXgNDK4urEI598_VhneqbBX4iXBRPJRHVBFg
2025-02-06 23:27:09,320 (INFO)- admin_app.serializers- admin_app
2025-02-06 23:27:09,331 (INFO)- admin_app.serializers- admin_app
2025-02-06 23:27:09,645 (INFO)- admin_app.views- eyJhbGciOiJIUzI1NiIsInR5cCI6IkpXVCJ9.eyJ0b2tlbl90eXBlIjoiYWNjZXNzIiwiZXhwIjoxNzM5NzI4NTA0LCJpYXQiOjE3Mzg4NjQ1MDQsImp0aSI6Ijk3MGE4NDBlYjk5OTQ5NjJiMGEyNDIyZjE1YzcyZGM2IiwidXNlcl9pZCI6MTR9.EMz_6KTeXgNDK4urEI598_VhneqbBX4iXBRPJRHVBFg
2025-02-06 23:27:09,661 (INFO)- admin_app.serializers- admin_app
2025-02-06 23:27:09,677 (INFO)- admin_app.serializers- admin_app
2025-02-06 23:27:10,138 (INFO)- admin_app.views- eyJhbGciOiJIUzI1NiIsInR5cCI6IkpXVCJ9.eyJ0b2tlbl90eXBlIjoiYWNjZXNzIiwiZXhwIjoxNzM5NzI4NTA0LCJpYXQiOjE3Mzg4NjQ1MDQsImp0aSI6Ijk3MGE4NDBlYjk5OTQ5NjJiMGEyNDIyZjE1YzcyZGM2IiwidXNlcl9pZCI6MTR9.EMz_6KTeXgNDK4urEI598_VhneqbBX4iXBRPJRHVBFg
2025-02-06 23:27:10,141 (INFO)- admin_app.serializers- admin_app
2025-02-06 23:27:10,152 (INFO)- admin_app.serializers- admin_app
2025-02-06 23:27:10,531 (INFO)- admin_app.views- eyJhbGciOiJIUzI1NiIsInR5cCI6IkpXVCJ9.eyJ0b2tlbl90eXBlIjoiYWNjZXNzIiwiZXhwIjoxNzM5NzI4NTA0LCJpYXQiOjE3Mzg4NjQ1MDQsImp0aSI6Ijk3MGE4NDBlYjk5OTQ5NjJiMGEyNDIyZjE1YzcyZGM2IiwidXNlcl9pZCI6MTR9.EMz_6KTeXgNDK4urEI598_VhneqbBX4iXBRPJRHVBFg
2025-02-06 23:27:10,531 (INFO)- admin_app.serializers- admin_app
2025-02-06 23:27:10,560 (INFO)- admin_app.serializers- admin_app
2025-02-06 23:27:10,890 (INFO)- admin_app.views- eyJhbGciOiJIUzI1NiIsInR5cCI6IkpXVCJ9.eyJ0b2tlbl90eXBlIjoiYWNjZXNzIiwiZXhwIjoxNzM5NzI4NTA0LCJpYXQiOjE3Mzg4NjQ1MDQsImp0aSI6Ijk3MGE4NDBlYjk5OTQ5NjJiMGEyNDIyZjE1YzcyZGM2IiwidXNlcl9pZCI6MTR9.EMz_6KTeXgNDK4urEI598_VhneqbBX4iXBRPJRHVBFg
2025-02-06 23:27:10,903 (INFO)- admin_app.serializers- admin_app
2025-02-06 23:27:10,920 (INFO)- admin_app.serializers- admin_app
2025-02-06 23:27:11,383 (INFO)- admin_app.views- eyJhbGciOiJIUzI1NiIsInR5cCI6IkpXVCJ9.eyJ0b2tlbl90eXBlIjoiYWNjZXNzIiwiZXhwIjoxNzM5NzI4NTA0LCJpYXQiOjE3Mzg4NjQ1MDQsImp0aSI6Ijk3MGE4NDBlYjk5OTQ5NjJiMGEyNDIyZjE1YzcyZGM2IiwidXNlcl9pZCI6MTR9.EMz_6KTeXgNDK4urEI598_VhneqbBX4iXBRPJRHVBFg
2025-02-06 23:27:11,387 (INFO)- admin_app.serializers- admin_app
2025-02-06 23:27:11,417 (INFO)- admin_app.serializers- admin_app
2025-02-06 23:27:11,716 (INFO)- admin_app.views- eyJhbGciOiJIUzI1NiIsInR5cCI6IkpXVCJ9.eyJ0b2tlbl90eXBlIjoiYWNjZXNzIiwiZXhwIjoxNzM5NzI4NTA0LCJpYXQiOjE3Mzg4NjQ1MDQsImp0aSI6Ijk3MGE4NDBlYjk5OTQ5NjJiMGEyNDIyZjE1YzcyZGM2IiwidXNlcl9pZCI6MTR9.EMz_6KTeXgNDK4urEI598_VhneqbBX4iXBRPJRHVBFg
2025-02-06 23:27:11,716 (INFO)- admin_app.serializers- admin_app
2025-02-06 23:27:11,749 (INFO)- admin_app.serializers- admin_app
2025-02-06 23:27:12,076 (INFO)- admin_app.views- eyJhbGciOiJIUzI1NiIsInR5cCI6IkpXVCJ9.eyJ0b2tlbl90eXBlIjoiYWNjZXNzIiwiZXhwIjoxNzM5NzI4NTA0LCJpYXQiOjE3Mzg4NjQ1MDQsImp0aSI6Ijk3MGE4NDBlYjk5OTQ5NjJiMGEyNDIyZjE1YzcyZGM2IiwidXNlcl9pZCI6MTR9.EMz_6KTeXgNDK4urEI598_VhneqbBX4iXBRPJRHVBFg
2025-02-06 23:27:12,080 (INFO)- admin_app.serializers- admin_app
2025-02-06 23:27:12,096 (INFO)- admin_app.serializers- admin_app
2025-02-06 23:27:12,492 (INFO)- admin_app.views- eyJhbGciOiJIUzI1NiIsInR5cCI6IkpXVCJ9.eyJ0b2tlbl90eXBlIjoiYWNjZXNzIiwiZXhwIjoxNzM5NzI4NTA0LCJpYXQiOjE3Mzg4NjQ1MDQsImp0aSI6Ijk3MGE4NDBlYjk5OTQ5NjJiMGEyNDIyZjE1YzcyZGM2IiwidXNlcl9pZCI6MTR9.EMz_6KTeXgNDK4urEI598_VhneqbBX4iXBRPJRHVBFg
2025-02-06 23:27:12,508 (INFO)- admin_app.serializers- admin_app
2025-02-06 23:27:12,533 (INFO)- admin_app.serializers- admin_app
2025-02-06 23:27:12,849 (INFO)- admin_app.views- eyJhbGciOiJIUzI1NiIsInR5cCI6IkpXVCJ9.eyJ0b2tlbl90eXBlIjoiYWNjZXNzIiwiZXhwIjoxNzM5NzI4NTA0LCJpYXQiOjE3Mzg4NjQ1MDQsImp0aSI6Ijk3MGE4NDBlYjk5OTQ5NjJiMGEyNDIyZjE1YzcyZGM2IiwidXNlcl9pZCI6MTR9.EMz_6KTeXgNDK4urEI598_VhneqbBX4iXBRPJRHVBFg
2025-02-06 23:27:12,851 (INFO)- admin_app.serializers- admin_app
2025-02-06 23:27:12,872 (INFO)- admin_app.serializers- admin_app
2025-02-06 23:27:15,052 (INFO)- admin_app.serializers- admin_app
2025-02-06 23:27:15,402 (INFO)- admin_app.serializers- admin_app
2025-02-06 23:27:15,785 (INFO)- admin_app.serializers- admin_app
2025-02-06 23:27:17,563 (WARNING)- django.request- Unauthorized: /api/admin-class/get/
2025-02-06 23:27:43,261 (INFO)- teacher.views- MIT
2025-02-06 23:29:00,352 (INFO)- student.views- <QuerySet []>
2025-02-06 23:29:00,361 (INFO)- student.views- <QuerySet [<StudentMarks: StudentMarks object (19)>, <StudentMarks: StudentMarks object (21)>]>
2025-02-06 23:29:27,038 (INFO)- student.views- <QuerySet [<Exams: Exams object (6)>]>
2025-02-06 23:29:27,038 (INFO)- student.views- <QuerySet [<StudentMarks: StudentMarks object (22)>, <StudentMarks: StudentMarks object (23)>]>
2025-02-07 10:11:54,198 (INFO)- django.utils.autoreload- Watching for file changes with StatReloader
2025-02-07 10:13:14,043 (INFO)- admin_app.views- eyJhbGciOiJIUzI1NiIsInR5cCI6IkpXVCJ9.eyJ0b2tlbl90eXBlIjoiYWNjZXNzIiwiZXhwIjoxNzM5NzY3MzkyLCJpYXQiOjE3Mzg5MDMzOTIsImp0aSI6IjJhYzMyOThhZGRkOTRmZDliYTgyMjk0OTU3ZjUxYTBmIiwidXNlcl9pZCI6MTR9.72ycGAs1Se-pTEL-UQJzn6iaGIY1NcLdl0K0uVc-iuo
2025-02-07 10:13:14,043 (INFO)- admin_app.serializers- admin_app
2025-02-07 10:13:14,090 (INFO)- admin_app.serializers- admin_app
2025-02-07 10:13:17,790 (INFO)- admin_app.serializers- admin_app
2025-02-07 10:13:19,733 (INFO)- admin_app.views- eyJhbGciOiJIUzI1NiIsInR5cCI6IkpXVCJ9.eyJ0b2tlbl90eXBlIjoiYWNjZXNzIiwiZXhwIjoxNzM5NzY3MzkyLCJpYXQiOjE3Mzg5MDMzOTIsImp0aSI6IjJhYzMyOThhZGRkOTRmZDliYTgyMjk0OTU3ZjUxYTBmIiwidXNlcl9pZCI6MTR9.72ycGAs1Se-pTEL-UQJzn6iaGIY1NcLdl0K0uVc-iuo
2025-02-07 10:13:19,733 (INFO)- admin_app.serializers- admin_app
2025-02-07 10:13:19,780 (INFO)- admin_app.serializers- admin_app
2025-02-07 10:13:23,102 (INFO)- admin_app.views- eyJhbGciOiJIUzI1NiIsInR5cCI6IkpXVCJ9.eyJ0b2tlbl90eXBlIjoiYWNjZXNzIiwiZXhwIjoxNzM5NzY3MzkyLCJpYXQiOjE3Mzg5MDMzOTIsImp0aSI6IjJhYzMyOThhZGRkOTRmZDliYTgyMjk0OTU3ZjUxYTBmIiwidXNlcl9pZCI6MTR9.72ycGAs1Se-pTEL-UQJzn6iaGIY1NcLdl0K0uVc-iuo
2025-02-07 10:13:23,118 (INFO)- admin_app.serializers- admin_app
2025-02-07 10:13:23,151 (INFO)- admin_app.serializers- admin_app
2025-02-07 10:13:24,950 (INFO)- admin_app.serializers- admin_app
2025-02-07 10:13:29,423 (INFO)- admin_app.views- eyJhbGciOiJIUzI1NiIsInR5cCI6IkpXVCJ9.eyJ0b2tlbl90eXBlIjoiYWNjZXNzIiwiZXhwIjoxNzM5NzY3MzkyLCJpYXQiOjE3Mzg5MDMzOTIsImp0aSI6IjJhYzMyOThhZGRkOTRmZDliYTgyMjk0OTU3ZjUxYTBmIiwidXNlcl9pZCI6MTR9.72ycGAs1Se-pTEL-UQJzn6iaGIY1NcLdl0K0uVc-iuo
2025-02-07 10:13:29,423 (INFO)- admin_app.serializers- admin_app
2025-02-07 10:13:29,455 (INFO)- admin_app.serializers- admin_app
2025-02-07 10:13:31,007 (INFO)- admin_app.serializers- admin_app
2025-02-07 10:13:35,828 (INFO)- admin_app.views- eyJhbGciOiJIUzI1NiIsInR5cCI6IkpXVCJ9.eyJ0b2tlbl90eXBlIjoiYWNjZXNzIiwiZXhwIjoxNzM5NzY3MzkyLCJpYXQiOjE3Mzg5MDMzOTIsImp0aSI6IjJhYzMyOThhZGRkOTRmZDliYTgyMjk0OTU3ZjUxYTBmIiwidXNlcl9pZCI6MTR9.72ycGAs1Se-pTEL-UQJzn6iaGIY1NcLdl0K0uVc-iuo
2025-02-07 10:13:35,838 (INFO)- admin_app.serializers- admin_app
2025-02-07 10:13:35,871 (INFO)- admin_app.serializers- admin_app
2025-02-07 10:13:37,510 (INFO)- admin_app.serializers- admin_app
2025-02-07 10:13:48,114 (INFO)- admin_app.views- eyJhbGciOiJIUzI1NiIsInR5cCI6IkpXVCJ9.eyJ0b2tlbl90eXBlIjoiYWNjZXNzIiwiZXhwIjoxNzM5NzY3MzkyLCJpYXQiOjE3Mzg5MDMzOTIsImp0aSI6IjJhYzMyOThhZGRkOTRmZDliYTgyMjk0OTU3ZjUxYTBmIiwidXNlcl9pZCI6MTR9.72ycGAs1Se-pTEL-UQJzn6iaGIY1NcLdl0K0uVc-iuo
2025-02-07 10:13:48,114 (INFO)- admin_app.serializers- admin_app
2025-02-07 10:13:48,150 (INFO)- admin_app.serializers- admin_app
2025-02-07 10:14:06,526 (INFO)- teacher.views- MIT
2025-02-07 10:14:52,179 (INFO)- student.views- <QuerySet []>
2025-02-07 10:14:52,179 (INFO)- student.views- <QuerySet [<StudentMarks: StudentMarks object (19)>, <StudentMarks: StudentMarks object (21)>]>
2025-02-07 13:59:20,195 (INFO)- django.utils.autoreload- Watching for file changes with StatReloader
2025-02-07 13:59:31,710 (INFO)- admin_app.views- eyJhbGciOiJIUzI1NiIsInR5cCI6IkpXVCJ9.eyJ0b2tlbl90eXBlIjoiYWNjZXNzIiwiZXhwIjoxNzM5NzgwOTcwLCJpYXQiOjE3Mzg5MTY5NzAsImp0aSI6Ijg5ZWRmMmYyMWQ4NTRlOWM5MjE4YjZjOTQ1YmRiYjc2IiwidXNlcl9pZCI6MTR9.76-ypgfmuZ2KPa26tRTyPcsNy_Ai_6t8J_mqRdh4vZ4
2025-02-07 13:59:31,726 (INFO)- admin_app.serializers- admin_app
2025-02-07 13:59:31,742 (INFO)- admin_app.serializers- admin_app
2025-02-07 13:59:35,798 (INFO)- admin_app.views- eyJhbGciOiJIUzI1NiIsInR5cCI6IkpXVCJ9.eyJ0b2tlbl90eXBlIjoiYWNjZXNzIiwiZXhwIjoxNzM5NzgwOTcwLCJpYXQiOjE3Mzg5MTY5NzAsImp0aSI6Ijg5ZWRmMmYyMWQ4NTRlOWM5MjE4YjZjOTQ1YmRiYjc2IiwidXNlcl9pZCI6MTR9.76-ypgfmuZ2KPa26tRTyPcsNy_Ai_6t8J_mqRdh4vZ4
2025-02-07 13:59:35,798 (INFO)- admin_app.serializers- admin_app
2025-02-07 13:59:35,829 (INFO)- admin_app.serializers- admin_app
2025-02-07 13:59:36,914 (INFO)- admin_app.serializers- admin_app
2025-02-07 13:59:39,524 (INFO)- admin_app.views- eyJhbGciOiJIUzI1NiIsInR5cCI6IkpXVCJ9.eyJ0b2tlbl90eXBlIjoiYWNjZXNzIiwiZXhwIjoxNzM5NzgwOTcwLCJpYXQiOjE3Mzg5MTY5NzAsImp0aSI6Ijg5ZWRmMmYyMWQ4NTRlOWM5MjE4YjZjOTQ1YmRiYjc2IiwidXNlcl9pZCI6MTR9.76-ypgfmuZ2KPa26tRTyPcsNy_Ai_6t8J_mqRdh4vZ4
2025-02-07 13:59:39,524 (INFO)- admin_app.serializers- admin_app
2025-02-07 13:59:39,539 (INFO)- admin_app.serializers- admin_app
2025-02-07 13:59:40,874 (INFO)- admin_app.serializers- admin_app
2025-02-07 13:59:42,422 (INFO)- admin_app.views- eyJhbGciOiJIUzI1NiIsInR5cCI6IkpXVCJ9.eyJ0b2tlbl90eXBlIjoiYWNjZXNzIiwiZXhwIjoxNzM5NzgwOTcwLCJpYXQiOjE3Mzg5MTY5NzAsImp0aSI6Ijg5ZWRmMmYyMWQ4NTRlOWM5MjE4YjZjOTQ1YmRiYjc2IiwidXNlcl9pZCI6MTR9.76-ypgfmuZ2KPa26tRTyPcsNy_Ai_6t8J_mqRdh4vZ4
2025-02-07 13:59:42,422 (INFO)- admin_app.serializers- admin_app
2025-02-07 13:59:42,446 (INFO)- admin_app.serializers- admin_app
2025-02-07 13:59:44,507 (INFO)- admin_app.serializers- admin_app
2025-02-07 13:59:59,647 (INFO)- admin_app.views- eyJhbGciOiJIUzI1NiIsInR5cCI6IkpXVCJ9.eyJ0b2tlbl90eXBlIjoiYWNjZXNzIiwiZXhwIjoxNzM5NzgwOTcwLCJpYXQiOjE3Mzg5MTY5NzAsImp0aSI6Ijg5ZWRmMmYyMWQ4NTRlOWM5MjE4YjZjOTQ1YmRiYjc2IiwidXNlcl9pZCI6MTR9.76-ypgfmuZ2KPa26tRTyPcsNy_Ai_6t8J_mqRdh4vZ4
2025-02-07 13:59:59,647 (INFO)- admin_app.serializers- admin_app
2025-02-07 13:59:59,663 (INFO)- admin_app.serializers- admin_app
2025-02-07 14:00:16,400 (INFO)- teacher.views- MIT
2025-02-07 14:00:59,270 (INFO)- student.views- <QuerySet []>
2025-02-07 14:00:59,270 (INFO)- student.views- <QuerySet [<StudentMarks: StudentMarks object (19)>, <StudentMarks: StudentMarks object (21)>]>
2025-02-10 23:32:23,762 (INFO)- django.utils.autoreload- Watching for file changes with StatReloader
2025-02-10 23:33:26,532 (INFO)- teacher.views- MIT
2025-02-10 23:34:11,906 (INFO)- teacher.views- MIT
2025-02-10 23:34:25,110 (INFO)- teacher.views- MIT
2025-02-10 23:34:25,618 (INFO)- teacher.views- MIT
2025-02-10 23:34:25,967 (INFO)- teacher.views- MIT
2025-02-10 23:34:26,366 (INFO)- teacher.views- MIT
2025-02-10 23:34:26,679 (INFO)- teacher.views- MIT
2025-02-10 23:34:27,028 (INFO)- teacher.views- MIT
2025-02-10 23:34:27,488 (INFO)- teacher.views- MIT
2025-02-10 23:34:27,878 (INFO)- teacher.views- MIT
2025-02-10 23:34:28,268 (INFO)- teacher.views- MIT
2025-02-10 23:34:28,664 (INFO)- teacher.views- MIT
2025-02-10 23:34:29,108 (INFO)- teacher.views- MIT
2025-02-10 23:34:29,504 (INFO)- teacher.views- MIT
2025-02-10 23:34:29,885 (INFO)- teacher.views- MIT
2025-02-10 23:34:30,297 (INFO)- teacher.views- MIT
2025-02-10 23:34:30,736 (INFO)- teacher.views- MIT
2025-02-10 23:34:31,107 (INFO)- teacher.views- MIT
2025-02-10 23:34:31,501 (INFO)- teacher.views- MIT
2025-02-10 23:34:31,953 (INFO)- teacher.views- MIT
2025-02-10 23:34:32,254 (INFO)- teacher.views- MIT
2025-02-10 23:34:32,682 (INFO)- teacher.views- MIT
2025-02-10 23:34:33,080 (INFO)- teacher.views- MIT
2025-02-10 23:34:33,503 (INFO)- teacher.views- MIT
2025-02-10 23:34:47,964 (INFO)- django.utils.autoreload- Watching for file changes with StatReloader
2025-02-10 23:34:49,352 (INFO)- teacher.views- MIT
2025-02-10 23:34:49,620 (INFO)- teacher.views- MIT
2025-02-10 23:34:49,982 (INFO)- teacher.views- MIT
2025-02-10 23:34:50,395 (INFO)- teacher.views- MIT
2025-02-10 23:34:50,864 (INFO)- teacher.views- MIT
2025-02-10 23:34:51,274 (INFO)- teacher.views- MIT
2025-02-10 23:34:51,528 (INFO)- teacher.views- MIT
2025-02-10 23:34:51,913 (INFO)- teacher.views- MIT
2025-02-10 23:34:52,352 (INFO)- teacher.views- MIT
2025-02-10 23:34:52,767 (INFO)- teacher.views- MIT
2025-02-10 23:34:53,159 (INFO)- teacher.views- MIT
2025-02-10 23:34:53,543 (INFO)- teacher.views- MIT
2025-02-10 23:34:53,991 (INFO)- teacher.views- MIT
2025-02-10 23:34:54,391 (INFO)- teacher.views- MIT
2025-02-10 23:34:54,819 (INFO)- teacher.views- MIT
2025-02-10 23:34:55,237 (INFO)- teacher.views- MIT
2025-02-10 23:34:55,617 (INFO)- teacher.views- MIT
2025-02-10 23:34:55,993 (INFO)- teacher.views- MIT
2025-02-10 23:34:56,408 (INFO)- teacher.views- MIT
2025-02-10 23:39:32,021 (WARNING)- django.request- Not Found: /
2025-02-10 23:39:32,219 (WARNING)- django.request- Not Found: /favicon.ico
2025-02-13 20:41:08,085 (INFO)- django.utils.autoreload- Watching for file changes with StatReloader
2025-02-13 20:42:38,421 (INFO)- django.utils.autoreload- Watching for file changes with StatReloader
2025-02-13 20:43:25,186 (INFO)- django.utils.autoreload- C:\Users\hp\OneDrive\Desktop\Examino\project\admin_app\models.py changed, reloading.
2025-02-13 20:43:26,289 (INFO)- django.utils.autoreload- Watching for file changes with StatReloader
2025-02-13 20:43:29,215 (INFO)- django.utils.autoreload- C:\Users\hp\OneDrive\Desktop\Examino\project\project\settings.py changed, reloading.
2025-02-13 20:43:30,293 (INFO)- django.utils.autoreload- Watching for file changes with StatReloader
2025-02-13 21:51:55,761 (INFO)- django.utils.autoreload- Watching for file changes with StatReloader
2025-02-18 18:20:32,647 (INFO)- django.utils.autoreload- Watching for file changes with StatReloader
2025-02-18 18:37:25,963 (INFO)- django.utils.autoreload- C:\Users\hp\OneDrive\Desktop\Examino\project\project\settings.py changed, reloading.
2025-02-18 18:37:27,193 (INFO)- django.utils.autoreload- Watching for file changes with StatReloader
2025-02-18 18:37:39,700 (INFO)- django.utils.autoreload- C:\Users\hp\OneDrive\Desktop\Examino\project\project\settings.py changed, reloading.
2025-02-18 18:37:40,492 (INFO)- django.utils.autoreload- Watching for file changes with StatReloader
2025-02-18 18:40:18,144 (INFO)- django.utils.autoreload- Watching for file changes with StatReloader
2025-02-18 18:40:41,162 (INFO)- django.utils.autoreload- C:\Users\hp\OneDrive\Desktop\Examino\project\project\settings.py changed, reloading.
2025-02-18 18:40:42,229 (INFO)- django.utils.autoreload- Watching for file changes with StatReloader
2025-02-18 18:40:47,400 (INFO)- django.utils.autoreload- C:\Users\hp\OneDrive\Desktop\Examino\project\project\settings.py changed, reloading.
2025-02-18 18:40:48,313 (INFO)- django.utils.autoreload- Watching for file changes with StatReloader
2025-02-18 18:40:54,396 (INFO)- django.utils.autoreload- C:\Users\hp\OneDrive\Desktop\Examino\project\project\settings.py changed, reloading.
2025-02-18 18:40:55,655 (INFO)- django.utils.autoreload- Watching for file changes with StatReloader
2025-02-18 18:44:40,490 (INFO)- django.utils.autoreload- C:\Users\hp\OneDrive\Desktop\Examino\project\project\settings.py changed, reloading.
2025-02-18 18:44:42,310 (INFO)- django.utils.autoreload- Watching for file changes with StatReloader
2025-02-18 18:53:32,861 (INFO)- django.utils.autoreload- C:\Users\hp\OneDrive\Desktop\Examino\project\project\settings.py changed, reloading.
2025-02-18 18:53:33,783 (INFO)- django.utils.autoreload- Watching for file changes with StatReloader
2025-02-18 18:54:18,299 (INFO)- django.utils.autoreload- C:\Users\hp\OneDrive\Desktop\Examino\project\project\settings.py changed, reloading.
2025-02-18 18:54:19,260 (INFO)- django.utils.autoreload- Watching for file changes with StatReloader
2025-02-18 19:11:04,457 (ERROR)- django.request- Internal Server Error: /api/login/
Traceback (most recent call last):
  File "C:\Users\hp\AppData\Local\Programs\Python\Python312\Lib\site-packages\django\core\handlers\exception.py", line 55, in inner
    response = get_response(request)
               ^^^^^^^^^^^^^^^^^^^^^
  File "C:\Users\hp\AppData\Local\Programs\Python\Python312\Lib\site-packages\django\core\handlers\base.py", line 197, in _get_response
    response = wrapped_callback(request, *callback_args, **callback_kwargs)
               ^^^^^^^^^^^^^^^^^^^^^^^^^^^^^^^^^^^^^^^^^^^^^^^^^^^^^^^^^^^^
  File "C:\Users\hp\AppData\Local\Programs\Python\Python312\Lib\site-packages\django\views\decorators\csrf.py", line 65, in _view_wrapper
    return view_func(request, *args, **kwargs)
           ^^^^^^^^^^^^^^^^^^^^^^^^^^^^^^^^^^^
  File "C:\Users\hp\AppData\Local\Programs\Python\Python312\Lib\site-packages\django\views\generic\base.py", line 104, in view
    return self.dispatch(request, *args, **kwargs)
           ^^^^^^^^^^^^^^^^^^^^^^^^^^^^^^^^^^^^^^^
  File "C:\Users\hp\AppData\Local\Programs\Python\Python312\Lib\site-packages\rest_framework\views.py", line 511, in dispatch
    self.response = self.finalize_response(request, response, *args, **kwargs)
                    ^^^^^^^^^^^^^^^^^^^^^^^^^^^^^^^^^^^^^^^^^^^^^^^^^^^^^^^^^^
  File "C:\Users\hp\AppData\Local\Programs\Python\Python312\Lib\site-packages\rest_framework\views.py", line 423, in finalize_response
    assert isinstance(response, HttpResponseBase), (
           ^^^^^^^^^^^^^^^^^^^^^^^^^^^^^^^^^^^^^^
AssertionError: Expected a `Response`, `HttpResponse` or `StreamingHttpResponse` to be returned from the view, but received a `<class 'NoneType'>`
2025-02-18 19:11:25,951 (ERROR)- django.request- Internal Server Error: /api/login/
Traceback (most recent call last):
  File "C:\Users\hp\AppData\Local\Programs\Python\Python312\Lib\site-packages\django\core\handlers\exception.py", line 55, in inner
    response = get_response(request)
               ^^^^^^^^^^^^^^^^^^^^^
  File "C:\Users\hp\AppData\Local\Programs\Python\Python312\Lib\site-packages\django\core\handlers\base.py", line 197, in _get_response
    response = wrapped_callback(request, *callback_args, **callback_kwargs)
               ^^^^^^^^^^^^^^^^^^^^^^^^^^^^^^^^^^^^^^^^^^^^^^^^^^^^^^^^^^^^
  File "C:\Users\hp\AppData\Local\Programs\Python\Python312\Lib\site-packages\django\views\decorators\csrf.py", line 65, in _view_wrapper
    return view_func(request, *args, **kwargs)
           ^^^^^^^^^^^^^^^^^^^^^^^^^^^^^^^^^^^
  File "C:\Users\hp\AppData\Local\Programs\Python\Python312\Lib\site-packages\django\views\generic\base.py", line 104, in view
    return self.dispatch(request, *args, **kwargs)
           ^^^^^^^^^^^^^^^^^^^^^^^^^^^^^^^^^^^^^^^
  File "C:\Users\hp\AppData\Local\Programs\Python\Python312\Lib\site-packages\rest_framework\views.py", line 511, in dispatch
    self.response = self.finalize_response(request, response, *args, **kwargs)
                    ^^^^^^^^^^^^^^^^^^^^^^^^^^^^^^^^^^^^^^^^^^^^^^^^^^^^^^^^^^
  File "C:\Users\hp\AppData\Local\Programs\Python\Python312\Lib\site-packages\rest_framework\views.py", line 423, in finalize_response
    assert isinstance(response, HttpResponseBase), (
           ^^^^^^^^^^^^^^^^^^^^^^^^^^^^^^^^^^^^^^
AssertionError: Expected a `Response`, `HttpResponse` or `StreamingHttpResponse` to be returned from the view, but received a `<class 'NoneType'>`
2025-02-18 19:12:23,701 (INFO)- django.utils.autoreload- Watching for file changes with StatReloader
2025-02-18 19:12:26,471 (ERROR)- django.request- Internal Server Error: /api/login/
Traceback (most recent call last):
  File "C:\Users\hp\AppData\Local\Programs\Python\Python312\Lib\site-packages\django\core\handlers\exception.py", line 55, in inner
    response = get_response(request)
               ^^^^^^^^^^^^^^^^^^^^^
  File "C:\Users\hp\AppData\Local\Programs\Python\Python312\Lib\site-packages\django\core\handlers\base.py", line 197, in _get_response
    response = wrapped_callback(request, *callback_args, **callback_kwargs)
               ^^^^^^^^^^^^^^^^^^^^^^^^^^^^^^^^^^^^^^^^^^^^^^^^^^^^^^^^^^^^
  File "C:\Users\hp\AppData\Local\Programs\Python\Python312\Lib\site-packages\django\views\decorators\csrf.py", line 65, in _view_wrapper
    return view_func(request, *args, **kwargs)
           ^^^^^^^^^^^^^^^^^^^^^^^^^^^^^^^^^^^
  File "C:\Users\hp\AppData\Local\Programs\Python\Python312\Lib\site-packages\django\views\generic\base.py", line 104, in view
    return self.dispatch(request, *args, **kwargs)
           ^^^^^^^^^^^^^^^^^^^^^^^^^^^^^^^^^^^^^^^
  File "C:\Users\hp\AppData\Local\Programs\Python\Python312\Lib\site-packages\rest_framework\views.py", line 511, in dispatch
    self.response = self.finalize_response(request, response, *args, **kwargs)
                    ^^^^^^^^^^^^^^^^^^^^^^^^^^^^^^^^^^^^^^^^^^^^^^^^^^^^^^^^^^
  File "C:\Users\hp\AppData\Local\Programs\Python\Python312\Lib\site-packages\rest_framework\views.py", line 423, in finalize_response
    assert isinstance(response, HttpResponseBase), (
           ^^^^^^^^^^^^^^^^^^^^^^^^^^^^^^^^^^^^^^
AssertionError: Expected a `Response`, `HttpResponse` or `StreamingHttpResponse` to be returned from the view, but received a `<class 'NoneType'>`
2025-02-18 19:14:04,911 (INFO)- django.utils.autoreload- C:\Users\hp\OneDrive\Desktop\Examino\project\project\settings.py changed, reloading.
2025-02-18 19:14:05,543 (INFO)- django.utils.autoreload- Watching for file changes with StatReloader
2025-02-18 19:14:13,921 (WARNING)- django.request- Unauthorized: /api/login/
2025-02-18 19:14:27,768 (INFO)- admin_app.views- eyJhbGciOiJIUzI1NiIsInR5cCI6IkpXVCJ9.eyJ0b2tlbl90eXBlIjoiYWNjZXNzIiwiZXhwIjoxNzQwNzUwMjY1LCJpYXQiOjE3Mzk4ODYyNjUsImp0aSI6ImVkZTY4OTQ4MzA1ZDRlNmFiODAyZGQ2Y2NmOWM4ZDU3IiwidXNlcl9pZCI6MTR9.Rvp421nMvYQXZLtKU9KY5uCkPTWKB60rnVx2b1dovPA
2025-02-18 19:14:27,771 (INFO)- admin_app.serializers- admin_app
2025-02-18 19:14:27,826 (INFO)- admin_app.serializers- admin_app
2025-02-18 19:14:30,044 (INFO)- admin_app.views- eyJhbGciOiJIUzI1NiIsInR5cCI6IkpXVCJ9.eyJ0b2tlbl90eXBlIjoiYWNjZXNzIiwiZXhwIjoxNzQwNzUwMjY1LCJpYXQiOjE3Mzk4ODYyNjUsImp0aSI6ImVkZTY4OTQ4MzA1ZDRlNmFiODAyZGQ2Y2NmOWM4ZDU3IiwidXNlcl9pZCI6MTR9.Rvp421nMvYQXZLtKU9KY5uCkPTWKB60rnVx2b1dovPA
2025-02-18 19:14:30,051 (INFO)- admin_app.serializers- admin_app
2025-02-18 19:14:30,123 (INFO)- admin_app.serializers- admin_app
2025-02-18 19:14:30,384 (INFO)- admin_app.views- eyJhbGciOiJIUzI1NiIsInR5cCI6IkpXVCJ9.eyJ0b2tlbl90eXBlIjoiYWNjZXNzIiwiZXhwIjoxNzQwNzUwMjY1LCJpYXQiOjE3Mzk4ODYyNjUsImp0aSI6ImVkZTY4OTQ4MzA1ZDRlNmFiODAyZGQ2Y2NmOWM4ZDU3IiwidXNlcl9pZCI6MTR9.Rvp421nMvYQXZLtKU9KY5uCkPTWKB60rnVx2b1dovPA
2025-02-18 19:14:30,384 (INFO)- admin_app.serializers- admin_app
2025-02-18 19:14:30,461 (INFO)- admin_app.serializers- admin_app
2025-02-18 19:14:30,784 (INFO)- admin_app.views- eyJhbGciOiJIUzI1NiIsInR5cCI6IkpXVCJ9.eyJ0b2tlbl90eXBlIjoiYWNjZXNzIiwiZXhwIjoxNzQwNzUwMjY1LCJpYXQiOjE3Mzk4ODYyNjUsImp0aSI6ImVkZTY4OTQ4MzA1ZDRlNmFiODAyZGQ2Y2NmOWM4ZDU3IiwidXNlcl9pZCI6MTR9.Rvp421nMvYQXZLtKU9KY5uCkPTWKB60rnVx2b1dovPA
2025-02-18 19:14:30,791 (INFO)- admin_app.serializers- admin_app
2025-02-18 19:14:30,861 (INFO)- admin_app.serializers- admin_app
2025-02-18 19:14:31,184 (INFO)- admin_app.views- eyJhbGciOiJIUzI1NiIsInR5cCI6IkpXVCJ9.eyJ0b2tlbl90eXBlIjoiYWNjZXNzIiwiZXhwIjoxNzQwNzUwMjY1LCJpYXQiOjE3Mzk4ODYyNjUsImp0aSI6ImVkZTY4OTQ4MzA1ZDRlNmFiODAyZGQ2Y2NmOWM4ZDU3IiwidXNlcl9pZCI6MTR9.Rvp421nMvYQXZLtKU9KY5uCkPTWKB60rnVx2b1dovPA
2025-02-18 19:14:31,188 (INFO)- admin_app.serializers- admin_app
2025-02-18 19:14:31,264 (INFO)- admin_app.serializers- admin_app
2025-02-18 19:14:31,580 (INFO)- admin_app.views- eyJhbGciOiJIUzI1NiIsInR5cCI6IkpXVCJ9.eyJ0b2tlbl90eXBlIjoiYWNjZXNzIiwiZXhwIjoxNzQwNzUwMjY1LCJpYXQiOjE3Mzk4ODYyNjUsImp0aSI6ImVkZTY4OTQ4MzA1ZDRlNmFiODAyZGQ2Y2NmOWM4ZDU3IiwidXNlcl9pZCI6MTR9.Rvp421nMvYQXZLtKU9KY5uCkPTWKB60rnVx2b1dovPA
2025-02-18 19:14:31,581 (INFO)- admin_app.serializers- admin_app
2025-02-18 19:14:31,641 (INFO)- admin_app.serializers- admin_app
2025-02-18 19:14:31,991 (INFO)- admin_app.views- eyJhbGciOiJIUzI1NiIsInR5cCI6IkpXVCJ9.eyJ0b2tlbl90eXBlIjoiYWNjZXNzIiwiZXhwIjoxNzQwNzUwMjY1LCJpYXQiOjE3Mzk4ODYyNjUsImp0aSI6ImVkZTY4OTQ4MzA1ZDRlNmFiODAyZGQ2Y2NmOWM4ZDU3IiwidXNlcl9pZCI6MTR9.Rvp421nMvYQXZLtKU9KY5uCkPTWKB60rnVx2b1dovPA
2025-02-18 19:14:31,991 (INFO)- admin_app.serializers- admin_app
2025-02-18 19:14:32,063 (INFO)- admin_app.serializers- admin_app
2025-02-18 19:14:32,371 (INFO)- admin_app.views- eyJhbGciOiJIUzI1NiIsInR5cCI6IkpXVCJ9.eyJ0b2tlbl90eXBlIjoiYWNjZXNzIiwiZXhwIjoxNzQwNzUwMjY1LCJpYXQiOjE3Mzk4ODYyNjUsImp0aSI6ImVkZTY4OTQ4MzA1ZDRlNmFiODAyZGQ2Y2NmOWM4ZDU3IiwidXNlcl9pZCI6MTR9.Rvp421nMvYQXZLtKU9KY5uCkPTWKB60rnVx2b1dovPA
2025-02-18 19:14:32,379 (INFO)- admin_app.serializers- admin_app
2025-02-18 19:14:32,431 (INFO)- admin_app.serializers- admin_app
2025-02-18 19:14:32,791 (INFO)- admin_app.views- eyJhbGciOiJIUzI1NiIsInR5cCI6IkpXVCJ9.eyJ0b2tlbl90eXBlIjoiYWNjZXNzIiwiZXhwIjoxNzQwNzUwMjY1LCJpYXQiOjE3Mzk4ODYyNjUsImp0aSI6ImVkZTY4OTQ4MzA1ZDRlNmFiODAyZGQ2Y2NmOWM4ZDU3IiwidXNlcl9pZCI6MTR9.Rvp421nMvYQXZLtKU9KY5uCkPTWKB60rnVx2b1dovPA
2025-02-18 19:14:32,791 (INFO)- admin_app.serializers- admin_app
2025-02-18 19:14:32,891 (INFO)- admin_app.serializers- admin_app
2025-02-18 19:14:33,187 (INFO)- admin_app.views- eyJhbGciOiJIUzI1NiIsInR5cCI6IkpXVCJ9.eyJ0b2tlbl90eXBlIjoiYWNjZXNzIiwiZXhwIjoxNzQwNzUwMjY1LCJpYXQiOjE3Mzk4ODYyNjUsImp0aSI6ImVkZTY4OTQ4MzA1ZDRlNmFiODAyZGQ2Y2NmOWM4ZDU3IiwidXNlcl9pZCI6MTR9.Rvp421nMvYQXZLtKU9KY5uCkPTWKB60rnVx2b1dovPA
2025-02-18 19:14:33,191 (INFO)- admin_app.serializers- admin_app
2025-02-18 19:14:33,261 (INFO)- admin_app.serializers- admin_app
